<?xml version="1.0" encoding="UTF-8"?>
<!-- Generated by org.testng.reporters.JUnitXMLReporter -->
<testsuite ignored="0" hostname="AnkitKumar" failures="1" tests="1" name="TealPD Logistics Tests" time="81.325" errors="0" timestamp="2023-09-01T21:37:32 IST">
  <testcase classname="Tests.TC02_LogisticWareHouseInventoryManagementPage" name="ManageWareHouse" time="67.442">
    <failure type="java.util.NoSuchElementException">
      <![CDATA[java.util.NoSuchElementException
at java.base/java.util.LinkedHashMap$LinkedHashIterator.nextNode(LinkedHashMap.java:758)
at java.base/java.util.LinkedHashMap$LinkedKeyIterator.next(LinkedHashMap.java:778)
at Pages.LogisticWareHouseInventoryManagementPage.newWindow(LogisticWareHouseInventoryManagementPage.java:72)
at Tests.TC02_LogisticWareHouseInventoryManagementPage.ManageWareHouse(TC02_LogisticWareHouseInventoryManagementPage.java:11)
at java.base/java.util.ArrayList.forEach(ArrayList.java:1511)
at java.base/java.util.concurrent.FutureTask.run(FutureTask.java:264)
at java.base/java.util.concurrent.ThreadPoolExecutor.runWorker(ThreadPoolExecutor.java:1136)
at java.base/java.util.concurrent.ThreadPoolExecutor$Worker.run(ThreadPoolExecutor.java:635)
at java.base/java.lang.Thread.run(Thread.java:833)
... Removed 17 stack frames]]>
    </failure>
  </testcase> <!-- ManageWareHouse -->
</testsuite> <!-- TealPD Logistics Tests -->
